# JRE version: OpenJDK Runtime Environment (11.0.12+7) (build 11.0.12+7-b1504.28-7817840)
# Java VM: OpenJDK 64-Bit Server VM (11.0.12+7-b1504.28-7817840, mixed mode, tiered, compressed oops, g1 gc, windows-amd64)
Heap:
 garbage-first heap   total 546816K, used 221241K [0x0000000080000000, 0x0000000100000000)
  region size 1024K, 1 young (1024K), 1 survivors (1024K)
 Metaspace       used 141364K, capacity 145525K, committed 145672K, reserved 1175552K
  class space    used 17329K, capacity 18959K, committed 19044K, reserved 1048576K
GC Heap History (20 events):
Event: 4357.423 GC heap after
{Heap after GC invocations=74 (full 0):
 garbage-first heap   total 279552K, used 213288K [0x0000000080000000, 0x0000000100000000)
  region size 1024K, 4 young (4096K), 4 survivors (4096K)
 Metaspace       used 140768K, capacity 144810K, committed 145416K, reserved 1175552K
  class space    used 17233K, capacity 18789K, committed 19044K, reserved 1048576K
}
Event: 4357.560 GC heap before
{Heap before GC invocations=74 (full 0):
 garbage-first heap   total 279552K, used 230696K [0x0000000080000000, 0x0000000100000000)
  region size 1024K, 21 young (21504K), 4 survivors (4096K)
 Metaspace       used 140771K, capacity 144810K, committed 145416K, reserved 1175552K
  class space    used 17233K, capacity 18789K, committed 19044K, reserved 1048576K
}
Event: 4357.583 GC heap after
{Heap after GC invocations=75 (full 0):
 garbage-first heap   total 279552K, used 223005K [0x0000000080000000, 0x0000000100000000)
  region size 1024K, 3 young (3072K), 3 survivors (3072K)
 Metaspace       used 140771K, capacity 144810K, committed 145416K, reserved 1175552K
  class space    used 17233K, capacity 18789K, committed 19044K, reserved 1048576K
}
Event: 4357.769 GC heap before
{Heap before GC invocations=75 (full 0):
 garbage-first heap   total 279552K, used 234269K [0x0000000080000000, 0x0000000100000000)
  region size 1024K, 15 young (15360K), 3 survivors (3072K)
 Metaspace       used 140771K, capacity 144810K, committed 145416K, reserved 1175552K
  class space    used 17233K, capacity 18789K, committed 19044K, reserved 1048576K
}
Event: 4357.787 GC heap after
{Heap after GC invocations=76 (full 0):
 garbage-first heap   total 279552K, used 230361K [0x0000000080000000, 0x0000000100000000)
  region size 1024K, 2 young (2048K), 2 survivors (2048K)
 Metaspace       used 140771K, capacity 144810K, committed 145416K, reserved 1175552K
  class space    used 17233K, capacity 18789K, committed 19044K, reserved 1048576K
}
Event: 4358.506 GC heap before
{Heap before GC invocations=77 (full 0):
 garbage-first heap   total 279552K, used 241625K [0x0000000080000000, 0x0000000100000000)
  region size 1024K, 13 young (13312K), 2 survivors (2048K)
 Metaspace       used 140881K, capacity 144895K, committed 145416K, reserved 1175552K
  class space    used 17244K, capacity 18794K, committed 19044K, reserved 1048576K
}
Event: 4358.531 GC heap after
{Heap after GC invocations=78 (full 0):
 garbage-first heap   total 279552K, used 234204K [0x0000000080000000, 0x0000000100000000)
  region size 1024K, 2 young (2048K), 2 survivors (2048K)
 Metaspace       used 140881K, capacity 144895K, committed 145416K, reserved 1175552K
  class space    used 17244K, capacity 18794K, committed 19044K, reserved 1048576K
}
Event: 4358.837 GC heap before
{Heap before GC invocations=78 (full 0):
 garbage-first heap   total 279552K, used 244444K [0x0000000080000000, 0x0000000100000000)
  region size 1024K, 13 young (13312K), 2 survivors (2048K)
 Metaspace       used 140907K, capacity 144898K, committed 145416K, reserved 1175552K
  class space    used 17245K, capacity 18794K, committed 19044K, reserved 1048576K
}
Event: 4358.866 GC heap after
{Heap after GC invocations=79 (full 0):
 garbage-first heap   total 279552K, used 233671K [0x0000000080000000, 0x0000000100000000)
  region size 1024K, 2 young (2048K), 2 survivors (2048K)
 Metaspace       used 140907K, capacity 144898K, committed 145416K, reserved 1175552K
  class space    used 17245K, capacity 18794K, committed 19044K, reserved 1048576K
}
Event: 4359.413 GC heap before
{Heap before GC invocations=79 (full 0):
 garbage-first heap   total 279552K, used 244935K [0x0000000080000000, 0x0000000100000000)
  region size 1024K, 13 young (13312K), 2 survivors (2048K)
 Metaspace       used 141231K, capacity 145402K, committed 145672K, reserved 1175552K
  class space    used 17317K, capacity 18942K, committed 19044K, reserved 1048576K
}
Event: 4359.447 GC heap after
{Heap after GC invocations=80 (full 0):
 garbage-first heap   total 279552K, used 235196K [0x0000000080000000, 0x0000000100000000)
  region size 1024K, 2 young (2048K), 2 survivors (2048K)
 Metaspace       used 141231K, capacity 145402K, committed 145672K, reserved 1175552K
  class space    used 17317K, capacity 18942K, committed 19044K, reserved 1048576K
}
Event: 4359.998 GC heap before
{Heap before GC invocations=80 (full 0):
 garbage-first heap   total 279552K, used 235196K [0x0000000080000000, 0x0000000100000000)
  region size 1024K, 13 young (13312K), 2 survivors (2048K)
 Metaspace       used 141277K, capacity 145439K, committed 145672K, reserved 1175552K
  class space    used 17325K, capacity 18954K, committed 19044K, reserved 1048576K
}
Event: 4360.006 GC heap after
{Heap after GC invocations=81 (full 0):
 garbage-first heap   total 279552K, used 225080K [0x0000000080000000, 0x0000000100000000)
  region size 1024K, 2 young (2048K), 2 survivors (2048K)
 Metaspace       used 141277K, capacity 145439K, committed 145672K, reserved 1175552K
  class space    used 17325K, capacity 18954K, committed 19044K, reserved 1048576K
}
Event: 4360.316 GC heap before
{Heap before GC invocations=82 (full 0):
 garbage-first heap   total 279552K, used 236344K [0x0000000080000000, 0x0000000100000000)
  region size 1024K, 14 young (14336K), 2 survivors (2048K)
 Metaspace       used 141279K, capacity 145439K, committed 145672K, reserved 1175552K
  class space    used 17325K, capacity 18954K, committed 19044K, reserved 1048576K
}
Event: 4360.325 GC heap after
{Heap after GC invocations=83 (full 0):
 garbage-first heap   total 279552K, used 226997K [0x0000000080000000, 0x0000000100000000)
  region size 1024K, 2 young (2048K), 2 survivors (2048K)
 Metaspace       used 141279K, capacity 145439K, committed 145672K, reserved 1175552K
  class space    used 17325K, capacity 18954K, committed 19044K, reserved 1048576K
}
Event: 4360.719 GC heap before
{Heap before GC invocations=83 (full 0):
 garbage-first heap   total 279552K, used 238261K [0x0000000080000000, 0x0000000100000000)
  region size 1024K, 13 young (13312K), 2 survivors (2048K)
 Metaspace       used 141344K, capacity 145525K, committed 145672K, reserved 1175552K
  class space    used 17329K, capacity 18959K, committed 19044K, reserved 1048576K
}
Event: 4360.787 GC heap after
{Heap after GC invocations=84 (full 0):
 garbage-first heap   total 279552K, used 216527K [0x0000000080000000, 0x0000000100000000)
  region size 1024K, 1 young (1024K), 1 survivors (1024K)
 Metaspace       used 141344K, capacity 145525K, committed 145672K, reserved 1175552K
  class space    used 17329K, capacity 18959K, committed 19044K, reserved 1048576K
}
Event: 4361.439 GC heap before
{Heap before GC invocations=84 (full 0):
 garbage-first heap   total 279552K, used 229839K [0x0000000080000000, 0x0000000100000000)
  region size 1024K, 13 young (13312K), 1 survivors (1024K)
 Metaspace       used 141363K, capacity 145525K, committed 145672K, reserved 1175552K
  class space    used 17329K, capacity 18959K, committed 19044K, reserved 1048576K
}
Event: 4361.472 GC heap after
{Heap after GC invocations=85 (full 0):
 garbage-first heap   total 279552K, used 220838K [0x0000000080000000, 0x0000000100000000)
  region size 1024K, 2 young (2048K), 2 survivors (2048K)
 Metaspace       used 141363K, capacity 145525K, committed 145672K, reserved 1175552K
  class space    used 17329K, capacity 18959K, committed 19044K, reserved 1048576K
}
Event: 4361.550 GC heap before
{Heap before GC invocations=85 (full 0):
 garbage-first heap   total 279552K, used 221862K [0x0000000080000000, 0x0000000100000000)
  region size 1024K, 4 young (4096K), 2 survivors (2048K)
 Metaspace       used 141364K, capacity 145525K, committed 145672K, reserved 1175552K
  class space    used 17329K, capacity 18959K, committed 19044K, reserved 1048576K
}

