# JRE version: OpenJDK Runtime Environment (11.0.12+7) (build 11.0.12+7-b1504.28-7817840)
# Java VM: OpenJDK 64-Bit Server VM (11.0.12+7-b1504.28-7817840, mixed mode, tiered, compressed oops, g1 gc, windows-amd64)
Heap:
 garbage-first heap   total 461824K, used 302344K [0x0000000080000000, 0x0000000100000000)
  region size 1024K, 108 young (110592K), 5 survivors (5120K)
 Metaspace       used 132624K, capacity 136268K, committed 136448K, reserved 1167360K
  class space    used 16324K, capacity 17702K, committed 17740K, reserved 1048576K
GC Heap History (20 events):
Event: 194.973 GC heap before
{Heap before GC invocations=39 (full 0):
 garbage-first heap   total 260096K, used 214975K [0x0000000080000000, 0x0000000100000000)
  region size 1024K, 44 young (45056K), 6 survivors (6144K)
 Metaspace       used 125891K, capacity 129283K, committed 129536K, reserved 1161216K
  class space    used 15565K, capacity 16839K, committed 16972K, reserved 1048576K
}
Event: 194.990 GC heap after
{Heap after GC invocations=40 (full 0):
 garbage-first heap   total 260096K, used 182578K [0x0000000080000000, 0x0000000100000000)
  region size 1024K, 6 young (6144K), 6 survivors (6144K)
 Metaspace       used 125891K, capacity 129283K, committed 129536K, reserved 1161216K
  class space    used 15565K, capacity 16839K, committed 16972K, reserved 1048576K
}
Event: 195.099 GC heap before
{Heap before GC invocations=40 (full 0):
 garbage-first heap   total 260096K, used 217394K [0x0000000080000000, 0x0000000100000000)
  region size 1024K, 40 young (40960K), 6 survivors (6144K)
 Metaspace       used 126366K, capacity 129801K, committed 130048K, reserved 1163264K
  class space    used 15644K, capacity 16949K, committed 16972K, reserved 1048576K
}
Event: 195.117 GC heap after
{Heap after GC invocations=41 (full 0):
 garbage-first heap   total 312320K, used 189240K [0x0000000080000000, 0x0000000100000000)
  region size 1024K, 5 young (5120K), 5 survivors (5120K)
 Metaspace       used 126366K, capacity 129801K, committed 130048K, reserved 1163264K
  class space    used 15644K, capacity 16949K, committed 16972K, reserved 1048576K
}
Event: 195.551 GC heap before
{Heap before GC invocations=41 (full 0):
 garbage-first heap   total 312320K, used 239416K [0x0000000080000000, 0x0000000100000000)
  region size 1024K, 54 young (55296K), 5 survivors (5120K)
 Metaspace       used 128014K, capacity 131409K, committed 131968K, reserved 1163264K
  class space    used 15857K, capacity 17100K, committed 17356K, reserved 1048576K
}
Event: 195.568 GC heap after
{Heap after GC invocations=42 (full 0):
 garbage-first heap   total 312320K, used 196774K [0x0000000080000000, 0x0000000100000000)
  region size 1024K, 7 young (7168K), 7 survivors (7168K)
 Metaspace       used 128014K, capacity 131409K, committed 131968K, reserved 1163264K
  class space    used 15857K, capacity 17100K, committed 17356K, reserved 1048576K
}
Event: 195.893 GC heap before
{Heap before GC invocations=43 (full 0):
 garbage-first heap   total 312320K, used 245926K [0x0000000080000000, 0x0000000100000000)
  region size 1024K, 55 young (56320K), 7 survivors (7168K)
 Metaspace       used 128770K, capacity 132164K, committed 132864K, reserved 1165312K
  class space    used 15955K, capacity 17219K, committed 17484K, reserved 1048576K
}
Event: 195.909 GC heap after
{Heap after GC invocations=44 (full 0):
 garbage-first heap   total 312320K, used 200612K [0x0000000080000000, 0x0000000100000000)
  region size 1024K, 4 young (4096K), 4 survivors (4096K)
 Metaspace       used 128770K, capacity 132164K, committed 132864K, reserved 1165312K
  class space    used 15955K, capacity 17219K, committed 17484K, reserved 1048576K
}
Event: 195.979 GC heap before
{Heap before GC invocations=44 (full 0):
 garbage-first heap   total 312320K, used 211876K [0x0000000080000000, 0x0000000100000000)
  region size 1024K, 15 young (15360K), 4 survivors (4096K)
 Metaspace       used 128895K, capacity 132249K, committed 132864K, reserved 1165312K
  class space    used 15959K, capacity 17221K, committed 17484K, reserved 1048576K
}
Event: 195.994 GC heap after
{Heap after GC invocations=45 (full 0):
 garbage-first heap   total 312320K, used 193893K [0x0000000080000000, 0x0000000100000000)
  region size 1024K, 1 young (1024K), 1 survivors (1024K)
 Metaspace       used 128895K, capacity 132249K, committed 132864K, reserved 1165312K
  class space    used 15959K, capacity 17221K, committed 17484K, reserved 1048576K
}
Event: 196.249 GC heap before
{Heap before GC invocations=45 (full 0):
 garbage-first heap   total 312320K, used 246117K [0x0000000080000000, 0x0000000100000000)
  region size 1024K, 52 young (53248K), 1 survivors (1024K)
 Metaspace       used 129486K, capacity 132845K, committed 133376K, reserved 1165312K
  class space    used 16029K, capacity 17289K, committed 17484K, reserved 1048576K
}
Event: 196.266 GC heap after
{Heap after GC invocations=46 (full 0):
 garbage-first heap   total 461824K, used 193583K [0x0000000080000000, 0x0000000100000000)
  region size 1024K, 1 young (1024K), 1 survivors (1024K)
 Metaspace       used 129486K, capacity 132845K, committed 133376K, reserved 1165312K
  class space    used 16029K, capacity 17289K, committed 17484K, reserved 1048576K
}
Event: 197.110 GC heap before
{Heap before GC invocations=47 (full 0):
 garbage-first heap   total 461824K, used 304175K [0x0000000080000000, 0x0000000100000000)
  region size 1024K, 109 young (111616K), 1 survivors (1024K)
 Metaspace       used 129702K, capacity 133065K, committed 133632K, reserved 1165312K
  class space    used 16023K, capacity 17275K, committed 17484K, reserved 1048576K
}
Event: 197.117 GC heap after
{Heap after GC invocations=48 (full 0):
 garbage-first heap   total 461824K, used 194917K [0x0000000080000000, 0x0000000100000000)
  region size 1024K, 2 young (2048K), 2 survivors (2048K)
 Metaspace       used 129702K, capacity 133065K, committed 133632K, reserved 1165312K
  class space    used 16023K, capacity 17275K, committed 17484K, reserved 1048576K
}
Event: 197.616 GC heap before
{Heap before GC invocations=48 (full 0):
 garbage-first heap   total 461824K, used 314725K [0x0000000080000000, 0x0000000100000000)
  region size 1024K, 120 young (122880K), 2 survivors (2048K)
 Metaspace       used 130662K, capacity 134018K, committed 134528K, reserved 1167360K
  class space    used 16116K, capacity 17381K, committed 17612K, reserved 1048576K
}
Event: 197.623 GC heap after
{Heap after GC invocations=49 (full 0):
 garbage-first heap   total 461824K, used 195191K [0x0000000080000000, 0x0000000100000000)
  region size 1024K, 3 young (3072K), 3 survivors (3072K)
 Metaspace       used 130662K, capacity 134018K, committed 134528K, reserved 1167360K
  class space    used 16116K, capacity 17381K, committed 17612K, reserved 1048576K
}
Event: 198.115 GC heap before
{Heap before GC invocations=49 (full 0):
 garbage-first heap   total 461824K, used 337527K [0x0000000080000000, 0x0000000100000000)
  region size 1024K, 142 young (145408K), 3 survivors (3072K)
 Metaspace       used 131760K, capacity 135321K, committed 135552K, reserved 1167360K
  class space    used 16261K, capacity 17599K, committed 17612K, reserved 1048576K
}
Event: 198.124 GC heap after
{Heap after GC invocations=50 (full 0):
 garbage-first heap   total 461824K, used 196524K [0x0000000080000000, 0x0000000100000000)
  region size 1024K, 4 young (4096K), 4 survivors (4096K)
 Metaspace       used 131760K, capacity 135321K, committed 135552K, reserved 1167360K
  class space    used 16261K, capacity 17599K, committed 17612K, reserved 1048576K
}
Event: 198.587 GC heap before
{Heap before GC invocations=50 (full 0):
 garbage-first heap   total 461824K, used 351148K [0x0000000080000000, 0x0000000100000000)
  region size 1024K, 155 young (158720K), 4 survivors (4096K)
 Metaspace       used 132083K, capacity 135624K, committed 135808K, reserved 1167360K
  class space    used 16266K, capacity 17608K, committed 17612K, reserved 1048576K
}
Event: 198.596 GC heap after
{Heap after GC invocations=51 (full 0):
 garbage-first heap   total 461824K, used 197896K [0x0000000080000000, 0x0000000100000000)
  region size 1024K, 5 young (5120K), 5 survivors (5120K)
 Metaspace       used 132083K, capacity 135624K, committed 135808K, reserved 1167360K
  class space    used 16266K, capacity 17608K, committed 17612K, reserved 1048576K
}

