# JRE version: OpenJDK Runtime Environment (11.0.12+7) (build 11.0.12+7-b1504.28-7817840)
# Java VM: OpenJDK 64-Bit Server VM (11.0.12+7-b1504.28-7817840, mixed mode, tiered, compressed oops, g1 gc, windows-amd64)
Heap:
 garbage-first heap   total 557056K, used 178460K [0x0000000080000000, 0x0000000100000000)
  region size 1024K, 13 young (13312K), 13 survivors (13312K)
 Metaspace       used 103663K, capacity 106290K, committed 106560K, reserved 1140736K
  class space    used 13369K, capacity 14424K, committed 14456K, reserved 1048576K
GC Heap History (20 events):
Event: 22.665 GC heap after
{Heap after GC invocations=32 (full 0):
 garbage-first heap   total 374784K, used 171795K [0x0000000080000000, 0x0000000100000000)
  region size 1024K, 6 young (6144K), 6 survivors (6144K)
 Metaspace       used 102774K, capacity 105397K, committed 105536K, reserved 1140736K
  class space    used 13333K, capacity 14355K, committed 14456K, reserved 1048576K
}
Event: 22.920 GC heap before
{Heap before GC invocations=32 (full 0):
 garbage-first heap   total 374784K, used 280339K [0x0000000080000000, 0x0000000100000000)
  region size 1024K, 112 young (114688K), 6 survivors (6144K)
 Metaspace       used 102879K, capacity 105471K, committed 105792K, reserved 1140736K
  class space    used 13334K, capacity 14356K, committed 14456K, reserved 1048576K
}
Event: 22.929 GC heap after
{Heap after GC invocations=33 (full 0):
 garbage-first heap   total 374784K, used 171446K [0x0000000080000000, 0x0000000100000000)
  region size 1024K, 6 young (6144K), 6 survivors (6144K)
 Metaspace       used 102879K, capacity 105471K, committed 105792K, reserved 1140736K
  class space    used 13334K, capacity 14356K, committed 14456K, reserved 1048576K
}
Event: 23.165 GC heap before
{Heap before GC invocations=33 (full 0):
 garbage-first heap   total 374784K, used 287158K [0x0000000080000000, 0x0000000100000000)
  region size 1024K, 119 young (121856K), 6 survivors (6144K)
 Metaspace       used 103269K, capacity 105864K, committed 106048K, reserved 1140736K
  class space    used 13357K, capacity 14375K, committed 14456K, reserved 1048576K
}
Event: 23.176 GC heap after
{Heap after GC invocations=34 (full 0):
 garbage-first heap   total 374784K, used 172185K [0x0000000080000000, 0x0000000100000000)
  region size 1024K, 7 young (7168K), 7 survivors (7168K)
 Metaspace       used 103269K, capacity 105864K, committed 106048K, reserved 1140736K
  class space    used 13357K, capacity 14375K, committed 14456K, reserved 1048576K
}
Event: 23.431 GC heap before
{Heap before GC invocations=34 (full 0):
 garbage-first heap   total 374784K, used 291993K [0x0000000080000000, 0x0000000100000000)
  region size 1024K, 125 young (128000K), 7 survivors (7168K)
 Metaspace       used 103430K, capacity 106063K, committed 106304K, reserved 1140736K
  class space    used 13364K, capacity 14416K, committed 14456K, reserved 1048576K
}
Event: 23.441 GC heap after
{Heap after GC invocations=35 (full 0):
 garbage-first heap   total 374784K, used 172392K [0x0000000080000000, 0x0000000100000000)
  region size 1024K, 7 young (7168K), 7 survivors (7168K)
 Metaspace       used 103430K, capacity 106063K, committed 106304K, reserved 1140736K
  class space    used 13364K, capacity 14416K, committed 14456K, reserved 1048576K
}
Event: 23.676 GC heap before
{Heap before GC invocations=35 (full 0):
 garbage-first heap   total 374784K, used 298344K [0x0000000080000000, 0x0000000100000000)
  region size 1024K, 130 young (133120K), 7 survivors (7168K)
 Metaspace       used 103520K, capacity 106150K, committed 106304K, reserved 1140736K
  class space    used 13367K, capacity 14421K, committed 14456K, reserved 1048576K
}
Event: 23.686 GC heap after
{Heap after GC invocations=36 (full 0):
 garbage-first heap   total 374784K, used 173281K [0x0000000080000000, 0x0000000100000000)
  region size 1024K, 8 young (8192K), 8 survivors (8192K)
 Metaspace       used 103520K, capacity 106150K, committed 106304K, reserved 1140736K
  class space    used 13367K, capacity 14421K, committed 14456K, reserved 1048576K
}
Event: 23.900 GC heap before
{Heap before GC invocations=36 (full 0):
 garbage-first heap   total 374784K, used 303329K [0x0000000080000000, 0x0000000100000000)
  region size 1024K, 135 young (138240K), 8 survivors (8192K)
 Metaspace       used 103552K, capacity 106157K, committed 106304K, reserved 1140736K
  class space    used 13369K, capacity 14423K, committed 14456K, reserved 1048576K
}
Event: 23.911 GC heap after
{Heap after GC invocations=37 (full 0):
 garbage-first heap   total 374784K, used 174017K [0x0000000080000000, 0x0000000100000000)
  region size 1024K, 9 young (9216K), 9 survivors (9216K)
 Metaspace       used 103552K, capacity 106157K, committed 106304K, reserved 1140736K
  class space    used 13369K, capacity 14423K, committed 14456K, reserved 1048576K
}
Event: 24.109 GC heap before
{Heap before GC invocations=37 (full 0):
 garbage-first heap   total 374784K, used 308161K [0x0000000080000000, 0x0000000100000000)
  region size 1024K, 140 young (143360K), 9 survivors (9216K)
 Metaspace       used 103597K, capacity 106224K, committed 106304K, reserved 1140736K
  class space    used 13369K, capacity 14424K, committed 14456K, reserved 1048576K
}
Event: 24.124 GC heap after
{Heap after GC invocations=38 (full 0):
 garbage-first heap   total 444416K, used 174027K [0x0000000080000000, 0x0000000100000000)
  region size 1024K, 9 young (9216K), 9 survivors (9216K)
 Metaspace       used 103597K, capacity 106224K, committed 106304K, reserved 1140736K
  class space    used 13369K, capacity 14424K, committed 14456K, reserved 1048576K
}
Event: 24.498 GC heap before
{Heap before GC invocations=38 (full 0):
 garbage-first heap   total 444416K, used 357323K [0x0000000080000000, 0x0000000100000000)
  region size 1024K, 188 young (192512K), 9 survivors (9216K)
 Metaspace       used 103611K, capacity 106225K, committed 106304K, reserved 1140736K
  class space    used 13369K, capacity 14424K, committed 14456K, reserved 1048576K
}
Event: 24.515 GC heap after
{Heap after GC invocations=39 (full 0):
 garbage-first heap   total 444416K, used 175255K [0x0000000080000000, 0x0000000100000000)
  region size 1024K, 10 young (10240K), 10 survivors (10240K)
 Metaspace       used 103611K, capacity 106225K, committed 106304K, reserved 1140736K
  class space    used 13369K, capacity 14424K, committed 14456K, reserved 1048576K
}
Event: 24.824 GC heap before
{Heap before GC invocations=39 (full 0):
 garbage-first heap   total 444416K, used 374935K [0x0000000080000000, 0x0000000100000000)
  region size 1024K, 205 young (209920K), 10 survivors (10240K)
 Metaspace       used 103638K, capacity 106290K, committed 106560K, reserved 1140736K
  class space    used 13369K, capacity 14424K, committed 14456K, reserved 1048576K
}
Event: 24.842 GC heap after
{Heap after GC invocations=40 (full 0):
 garbage-first heap   total 444416K, used 176532K [0x0000000080000000, 0x0000000100000000)
  region size 1024K, 11 young (11264K), 11 survivors (11264K)
 Metaspace       used 103638K, capacity 106290K, committed 106560K, reserved 1140736K
  class space    used 13369K, capacity 14424K, committed 14456K, reserved 1048576K
}
Event: 25.140 GC heap before
{Heap before GC invocations=40 (full 0):
 garbage-first heap   total 444416K, used 380308K [0x0000000080000000, 0x0000000100000000)
  region size 1024K, 210 young (215040K), 11 survivors (11264K)
 Metaspace       used 103645K, capacity 106290K, committed 106560K, reserved 1140736K
  class space    used 13369K, capacity 14424K, committed 14456K, reserved 1048576K
}
Event: 25.165 GC heap after
{Heap after GC invocations=41 (full 0):
 garbage-first heap   total 444416K, used 176915K [0x0000000080000000, 0x0000000100000000)
  region size 1024K, 11 young (11264K), 11 survivors (11264K)
 Metaspace       used 103645K, capacity 106290K, committed 106560K, reserved 1140736K
  class space    used 13369K, capacity 14424K, committed 14456K, reserved 1048576K
}
Event: 25.514 GC heap before
{Heap before GC invocations=41 (full 0):
 garbage-first heap   total 444416K, used 383763K [0x0000000080000000, 0x0000000100000000)
  region size 1024K, 213 young (218112K), 11 survivors (11264K)
 Metaspace       used 103663K, capacity 106290K, committed 106560K, reserved 1140736K
  class space    used 13369K, capacity 14424K, committed 14456K, reserved 1048576K
}

